--------------------------------------------------------------------------------------------------------------------------------------
Optimizer: SGD

epochs=20, batch_size=20
Epoch 1/20  1712/1712 [==============================] - 3s 2ms/step - loss: 0.0522 - acc: 0.4562 - val_loss: 0.0113 - val_acc: 0.6799
Epoch 2/20  1712/1712 [==============================] - 3s 2ms/step - loss: 0.0204 - acc: 0.4287 - val_loss: 0.0094 - val_acc: 0.6752
Epoch 3/20  1712/1712 [==============================] - 3s 2ms/step - loss: 0.0172 - acc: 0.4737 - val_loss: 0.0084 - val_acc: 0.6752
Epoch 4/20  1712/1712 [==============================] - 3s 2ms/step - loss: 0.0150 - acc: 0.4796 - val_loss: 0.0075 - val_acc: 0.6846
Epoch 5/20  1712/1712 [==============================] - 3s 2ms/step - loss: 0.0137 - acc: 0.5082 - val_loss: 0.0070 - val_acc: 0.6893
Epoch 6/20  1712/1712 [==============================] - 3s 2ms/step - loss: 0.0123 - acc: 0.5134 - val_loss: 0.0067 - val_acc: 0.6893
Epoch 7/20  1712/1712 [==============================] - 3s 2ms/step - loss: 0.0115 - acc: 0.5111 - val_loss: 0.0062 - val_acc: 0.6916
Epoch 8/20  1712/1712 [==============================] - 3s 2ms/step - loss: 0.0109 - acc: 0.5350 - val_loss: 0.0058 - val_acc: 0.7009
Epoch 9/20  1712/1712 [==============================] - 3s 2ms/step - loss: 0.0104 - acc: 0.5391 - val_loss: 0.0057 - val_acc: 0.6986
Epoch 10/20 1712/1712 [==============================] - 3s 2ms/step - loss: 0.0099 - acc: 0.5537 - val_loss: 0.0056 - val_acc: 0.6986
Epoch 11/20 1712/1712 [==============================] - 3s 2ms/step - loss: 0.0096 - acc: 0.5508 - val_loss: 0.0053 - val_acc: 0.6963
Epoch 12/20 1712/1712 [==============================] - 3s 2ms/step - loss: 0.0093 - acc: 0.5631 - val_loss: 0.0052 - val_acc: 0.6963
Epoch 13/20 1712/1712 [==============================] - 3s 2ms/step - loss: 0.0090 - acc: 0.5800 - val_loss: 0.0050 - val_acc: 0.6963
Epoch 14/20 1712/1712 [==============================] - 3s 2ms/step - loss: 0.0088 - acc: 0.5607 - val_loss: 0.0050 - val_acc: 0.6963
Epoch 15/20 1712/1712 [==============================] - 3s 2ms/step - loss: 0.0087 - acc: 0.5648 - val_loss: 0.0050 - val_acc: 0.6963
Epoch 16/20 1712/1712 [==============================] - 3s 2ms/step - loss: 0.0086 - acc: 0.5835 - val_loss: 0.0049 - val_acc: 0.6963
Epoch 17/20 1712/1712 [==============================] - 3s 2ms/step - loss: 0.0084 - acc: 0.5964 - val_loss: 0.0050 - val_acc: 0.6963
Epoch 18/20 1712/1712 [==============================] - 3s 2ms/step - loss: 0.0083 - acc: 0.5824 - val_loss: 0.0049 - val_acc: 0.6963
Epoch 19/20 1712/1712 [==============================] - 3s 2ms/step - loss: 0.0082 - acc: 0.5765 - val_loss: 0.0048 - val_acc: 0.6963
Epoch 20/20 1712/1712 [==============================] - 3s 2ms/step - loss: 0.0081 - acc: 0.5859 - val_loss: 0.0048 - val_acc: 0.6963

--------------------------------------------------------------------------------------------------------------------------------------

Optimizer: RMSprop

epochs=20, batch_size=20
Epoch 1/20  1712/1712 [==============================] - 3s 2ms/step - loss: 0.0970 - acc: 0.4025 - val_loss: 0.0297 - val_acc: 0.6682
Epoch 2/20  1712/1712 [==============================] - 3s 2ms/step - loss: 0.0091 - acc: 0.6238 - val_loss: 0.0040 - val_acc: 0.7103
Epoch 3/20  1712/1712 [==============================] - 3s 2ms/step - loss: 0.0063 - acc: 0.6682 - val_loss: 0.0043 - val_acc: 0.7056
Epoch 4/20  1712/1712 [==============================] - 3s 2ms/step - loss: 0.0052 - acc: 0.6758 - val_loss: 0.0055 - val_acc: 0.7126
Epoch 5/20  1712/1712 [==============================] - 3s 2ms/step - loss: 0.0043 - acc: 0.6986 - val_loss: 0.0024 - val_acc: 0.7407
Epoch 6/20  1712/1712 [==============================] - 3s 2ms/step - loss: 0.0041 - acc: 0.7167 - val_loss: 0.0022 - val_acc: 0.7243
Epoch 7/20  1712/1712 [==============================] - 3s 2ms/step - loss: 0.0033 - acc: 0.7377 - val_loss: 0.0020 - val_acc: 0.7477
Epoch 8/20  1712/1712 [==============================] - 3s 2ms/step - loss: 0.0029 - acc: 0.7518 - val_loss: 0.0030 - val_acc: 0.7360
Epoch 9/20  1712/1712 [==============================] - 3s 2ms/step - loss: 0.0026 - acc: 0.7605 - val_loss: 0.0021 - val_acc: 0.7103
Epoch 10/20 1712/1712 [==============================] - 3s 2ms/step - loss: 0.0022 - acc: 0.7786 - val_loss: 0.0021 - val_acc: 0.7430
Epoch 11/20 1712/1712 [==============================] - 3s 2ms/step - loss: 0.0018 - acc: 0.7915 - val_loss: 0.0021 - val_acc: 0.7407
Epoch 12/20 1712/1712 [==============================] - 3s 2ms/step - loss: 0.0017 - acc: 0.7856 - val_loss: 0.0021 - val_acc: 0.7477
Epoch 13/20 1712/1712 [==============================] - 3s 2ms/step - loss: 0.0015 - acc: 0.8084 - val_loss: 0.0021 - val_acc: 0.7407
Epoch 14/20 1712/1712 [==============================] - 3s 2ms/step - loss: 0.0015 - acc: 0.8096 - val_loss: 0.0021 - val_acc: 0.7383
Epoch 15/20 1712/1712 [==============================] - 3s 2ms/step - loss: 0.0014 - acc: 0.7991 - val_loss: 0.0020 - val_acc: 0.7453
Epoch 16/20 1712/1712 [==============================] - 3s 2ms/step - loss: 0.0013 - acc: 0.8096 - val_loss: 0.0018 - val_acc: 0.7407
Epoch 17/20 1712/1712 [==============================] - 3s 2ms/step - loss: 0.0013 - acc: 0.8160 - val_loss: 0.0021 - val_acc: 0.7407
Epoch 18/20 1712/1712 [==============================] - 3s 2ms/step - loss: 0.0012 - acc: 0.8300 - val_loss: 0.0022 - val_acc: 0.7593
Epoch 19/20 1712/1712 [==============================] - 3s 2ms/step - loss: 0.0012 - acc: 0.8277 - val_loss: 0.0021 - val_acc: 0.7336
Epoch 20/20 1712/1712 [==============================] - 3s 2ms/step - loss: 0.0011 - acc: 0.8294 - val_loss: 0.0020 - val_acc: 0.7290

--------------------------------------------------------------------------------------------------------------------------------------

Optimizer: Adagrad

epochs=20, batch_size=20
Epoch 1/20  1712/1712 [==============================] - 3s 2ms/step - loss: 0.5180 - acc: 0.4463 - val_loss: 0.0056 - val_acc: 0.6565
Epoch 2/20  1712/1712 [==============================] - 3s 2ms/step - loss: 0.0085 - acc: 0.5771 - val_loss: 0.0040 - val_acc: 0.7056
Epoch 3/20  1712/1712 [==============================] - 3s 2ms/step - loss: 0.0067 - acc: 0.6081 - val_loss: 0.0035 - val_acc: 0.7313
Epoch 4/20  1712/1712 [==============================] - 3s 2ms/step - loss: 0.0059 - acc: 0.6127 - val_loss: 0.0026 - val_acc: 0.7290
Epoch 5/20  1712/1712 [==============================] - 3s 2ms/step - loss: 0.0054 - acc: 0.6238 - val_loss: 0.0025 - val_acc: 0.7453
Epoch 6/20  1712/1712 [==============================] - 3s 2ms/step - loss: 0.0052 - acc: 0.6542 - val_loss: 0.0026 - val_acc: 0.7079
Epoch 7/20  1712/1712 [==============================] - 3s 2ms/step - loss: 0.0050 - acc: 0.6443 - val_loss: 0.0023 - val_acc: 0.7477
Epoch 8/20  1712/1712 [==============================] - 3s 2ms/step - loss: 0.0048 - acc: 0.6361 - val_loss: 0.0022 - val_acc: 0.7593
Epoch 9/20  1712/1712 [==============================] - 3s 2ms/step - loss: 0.0047 - acc: 0.6676 - val_loss: 0.0024 - val_acc: 0.7453
Epoch 10/20 1712/1712 [==============================] - 3s 2ms/step - loss: 0.0045 - acc: 0.6606 - val_loss: 0.0025 - val_acc: 0.7547
Epoch 11/20 1712/1712 [==============================] - 3s 2ms/step - loss: 0.0045 - acc: 0.6612 - val_loss: 0.0021 - val_acc: 0.7500
Epoch 12/20 1712/1712 [==============================] - 3s 2ms/step - loss: 0.0043 - acc: 0.6636 - val_loss: 0.0021 - val_acc: 0.7617
Epoch 13/20 1712/1712 [==============================] - 3s 2ms/step - loss: 0.0042 - acc: 0.6758 - val_loss: 0.0028 - val_acc: 0.7173
Epoch 14/20 1712/1712 [==============================] - 3s 2ms/step - loss: 0.0042 - acc: 0.6706 - val_loss: 0.0023 - val_acc: 0.7570
Epoch 15/20 1712/1712 [==============================] - 3s 2ms/step - loss: 0.0041 - acc: 0.6706 - val_loss: 0.0020 - val_acc: 0.7453
Epoch 16/20 1712/1712 [==============================] - 3s 2ms/step - loss: 0.0040 - acc: 0.6647 - val_loss: 0.0021 - val_acc: 0.7640
Epoch 17/20 1712/1712 [==============================] - 3s 2ms/step - loss: 0.0039 - acc: 0.6893 - val_loss: 0.0022 - val_acc: 0.7477
Epoch 18/20 1712/1712 [==============================] - 3s 2ms/step - loss: 0.0039 - acc: 0.6799 - val_loss: 0.0019 - val_acc: 0.7523
Epoch 19/20 1712/1712 [==============================] - 3s 2ms/step - loss: 0.0038 - acc: 0.6758 - val_loss: 0.0020 - val_acc: 0.7570
Epoch 20/20 1712/1712 [==============================] - 3s 2ms/step - loss: 0.0038 - acc: 0.6700 - val_loss: 0.0025 - val_acc: 0.7570

--------------------------------------------------------------------------------------------------------------------------------------

Optimizer: Adadelta

epochs=20, batch_size=20
Epoch 1/20  1712/1712 [==============================] - 4s 2ms/step - loss: 0.0206 - acc: 0.5105 - val_loss: 0.0090 - val_acc: 0.6963
Epoch 2/20  1712/1712 [==============================] - 3s 2ms/step - loss: 0.0094 - acc: 0.5952 - val_loss: 0.0047 - val_acc: 0.6939
Epoch 3/20  1712/1712 [==============================] - 4s 2ms/step - loss: 0.0068 - acc: 0.6454 - val_loss: 0.0042 - val_acc: 0.6822
Epoch 4/20  1712/1712 [==============================] - 4s 2ms/step - loss: 0.0060 - acc: 0.6519 - val_loss: 0.0042 - val_acc: 0.6963
Epoch 5/20  1712/1712 [==============================] - 4s 2ms/step - loss: 0.0056 - acc: 0.6583 - val_loss: 0.0038 - val_acc: 0.6963
Epoch 6/20  1712/1712 [==============================] - 4s 2ms/step - loss: 0.0051 - acc: 0.6548 - val_loss: 0.0038 - val_acc: 0.6963
Epoch 7/20  1712/1712 [==============================] - 3s 2ms/step - loss: 0.0048 - acc: 0.6571 - val_loss: 0.0036 - val_acc: 0.6986
Epoch 8/20  1712/1712 [==============================] - 4s 2ms/step - loss: 0.0046 - acc: 0.6776 - val_loss: 0.0034 - val_acc: 0.6963
Epoch 9/20  1712/1712 [==============================] - 4s 2ms/step - loss: 0.0044 - acc: 0.6834 - val_loss: 0.0034 - val_acc: 0.6939
Epoch 10/20 1712/1712 [==============================] - 4s 2ms/step - loss: 0.0040 - acc: 0.6846 - val_loss: 0.0032 - val_acc: 0.6963
Epoch 11/20 1712/1712 [==============================] - 4s 2ms/step - loss: 0.0038 - acc: 0.6811 - val_loss: 0.0033 - val_acc: 0.6846
Epoch 12/20 1712/1712 [==============================] - 4s 2ms/step - loss: 0.0036 - acc: 0.6904 - val_loss: 0.0029 - val_acc: 0.6893
Epoch 13/20 1712/1712 [==============================] - 3s 2ms/step - loss: 0.0034 - acc: 0.6986 - val_loss: 0.0027 - val_acc: 0.6963
Epoch 14/20 1712/1712 [==============================] - 4s 2ms/step - loss: 0.0033 - acc: 0.7004 - val_loss: 0.0025 - val_acc: 0.7009
Epoch 15/20 1712/1712 [==============================] - 4s 2ms/step - loss: 0.0030 - acc: 0.7114 - val_loss: 0.0024 - val_acc: 0.7079
Epoch 16/20 1712/1712 [==============================] - 3s 2ms/step - loss: 0.0029 - acc: 0.7039 - val_loss: 0.0023 - val_acc: 0.7150
Epoch 17/20 1712/1712 [==============================] - 4s 2ms/step - loss: 0.0028 - acc: 0.7155 - val_loss: 0.0022 - val_acc: 0.7243
Epoch 18/20 1712/1712 [==============================] - 4s 2ms/step - loss: 0.0027 - acc: 0.7237 - val_loss: 0.0022 - val_acc: 0.7220
Epoch 19/20 1712/1712 [==============================] - 4s 2ms/step - loss: 0.0026 - acc: 0.7202 - val_loss: 0.0021 - val_acc: 0.7336
Epoch 20/20 1712/1712 [==============================] - 4s 2ms/step - loss: 0.0025 - acc: 0.7237 - val_loss: 0.0020 - val_acc: 0.7336

--------------------------------------------------------------------------------------------------------------------------------------

Optimizer: Adam

epochs=20, batch_size=20
Epoch 1/20  1712/1712 [==============================] - 4s 2ms/step - loss: 0.0270 - acc: 0.4743 - val_loss: 0.0042 - val_acc: 0.7033
Epoch 2/20  1712/1712 [==============================] - 3s 2ms/step - loss: 0.0059 - acc: 0.6227 - val_loss: 0.0026 - val_acc: 0.7266
Epoch 3/20  1712/1712 [==============================] - 3s 2ms/step - loss: 0.0041 - acc: 0.6758 - val_loss: 0.0021 - val_acc: 0.7220
Epoch 4/20  1712/1712 [==============================] - 3s 2ms/step - loss: 0.0032 - acc: 0.7039 - val_loss: 0.0022 - val_acc: 0.7383
Epoch 5/20  1712/1712 [==============================] - 3s 2ms/step - loss: 0.0028 - acc: 0.7249 - val_loss: 0.0025 - val_acc: 0.7523
Epoch 6/20  1712/1712 [==============================] - 3s 2ms/step - loss: 0.0025 - acc: 0.7336 - val_loss: 0.0018 - val_acc: 0.7477
Epoch 7/20  1712/1712 [==============================] - 3s 2ms/step - loss: 0.0022 - acc: 0.7447 - val_loss: 0.0018 - val_acc: 0.7523
Epoch 8/20  1712/1712 [==============================] - 3s 2ms/step - loss: 0.0020 - acc: 0.7471 - val_loss: 0.0017 - val_acc: 0.7593
Epoch 9/20  1712/1712 [==============================] - 3s 2ms/step - loss: 0.0019 - acc: 0.7669 - val_loss: 0.0017 - val_acc: 0.7710
Epoch 10/20 1712/1712 [==============================] - 3s 2ms/step - loss: 0.0018 - acc: 0.7786 - val_loss: 0.0017 - val_acc: 0.7593
Epoch 11/20 1712/1712 [==============================] - 3s 2ms/step - loss: 0.0016 - acc: 0.7658 - val_loss: 0.0017 - val_acc: 0.7617
Epoch 12/20 1712/1712 [==============================] - 3s 2ms/step - loss: 0.0015 - acc: 0.7915 - val_loss: 0.0017 - val_acc: 0.7874
Epoch 13/20 1712/1712 [==============================] - 3s 2ms/step - loss: 0.0014 - acc: 0.7886 - val_loss: 0.0016 - val_acc: 0.7804
Epoch 14/20 1712/1712 [==============================] - 3s 2ms/step - loss: 0.0014 - acc: 0.7956 - val_loss: 0.0018 - val_acc: 0.7804
Epoch 15/20 1712/1712 [==============================] - 3s 2ms/step - loss: 0.0013 - acc: 0.8067 - val_loss: 0.0016 - val_acc: 0.7757
Epoch 16/20 1712/1712 [==============================] - 3s 2ms/step - loss: 0.0012 - acc: 0.8020 - val_loss: 0.0016 - val_acc: 0.7757
Epoch 17/20 1712/1712 [==============================] - 3s 2ms/step - loss: 0.0012 - acc: 0.8102 - val_loss: 0.0016 - val_acc: 0.7664
Epoch 18/20 1712/1712 [==============================] - 3s 2ms/step - loss: 0.0011 - acc: 0.8154 - val_loss: 0.0020 - val_acc: 0.7734
Epoch 19/20 1712/1712 [==============================] - 3s 2ms/step - loss: 0.0011 - acc: 0.8230 - val_loss: 0.0016 - val_acc: 0.7640
Epoch 20/20 1712/1712 [==============================] - 3s 2ms/step - loss: 0.0011 - acc: 0.8072 - val_loss: 0.0016 - val_acc: 0.7664


epochs=20, batch_size=15
Epoch 1/20  1712/1712 [==============================] - 4s 2ms/step - loss: 0.0145 - acc: 0.5450 - val_loss: 0.0032 - val_acc: 0.6939
Epoch 2/20  1712/1712 [==============================] - 4s 2ms/step - loss: 0.0043 - acc: 0.6449 - val_loss: 0.0022 - val_acc: 0.7033
Epoch 3/20  1712/1712 [==============================] - 4s 2ms/step - loss: 0.0030 - acc: 0.6904 - val_loss: 0.0055 - val_acc: 0.7290
Epoch 4/20  1712/1712 [==============================] - 4s 2ms/step - loss: 0.0027 - acc: 0.7336 - val_loss: 0.0023 - val_acc: 0.7313
Epoch 5/20  1712/1712 [==============================] - 4s 2ms/step - loss: 0.0022 - acc: 0.7208 - val_loss: 0.0017 - val_acc: 0.7336
Epoch 6/20  1712/1712 [==============================] - 4s 2ms/step - loss: 0.0018 - acc: 0.7512 - val_loss: 0.0017 - val_acc: 0.7430
Epoch 7/20  1712/1712 [==============================] - 4s 2ms/step - loss: 0.0018 - acc: 0.7570 - val_loss: 0.0016 - val_acc: 0.7640
Epoch 8/20  1712/1712 [==============================] - 4s 2ms/step - loss: 0.0016 - acc: 0.7629 - val_loss: 0.0015 - val_acc: 0.7477
Epoch 9/20  1712/1712 [==============================] - 4s 2ms/step - loss: 0.0014 - acc: 0.7804 - val_loss: 0.0016 - val_acc: 0.7500
Epoch 10/20 1712/1712 [==============================] - 4s 2ms/step - loss: 0.0014 - acc: 0.8014 - val_loss: 0.0016 - val_acc: 0.7593
Epoch 11/20 1712/1712 [==============================] - 4s 2ms/step - loss: 0.0013 - acc: 0.8002 - val_loss: 0.0015 - val_acc: 0.7547
Epoch 12/20 1712/1712 [==============================] - 4s 2ms/step - loss: 0.0012 - acc: 0.8026 - val_loss: 0.0015 - val_acc: 0.7360
Epoch 13/20 1712/1712 [==============================] - 4s 2ms/step - loss: 0.0012 - acc: 0.8125 - val_loss: 0.0015 - val_acc: 0.7383
Epoch 14/20 1712/1712 [==============================] - 4s 2ms/step - loss: 0.0011 - acc: 0.8037 - val_loss: 0.0015 - val_acc: 0.7407
Epoch 15/20 1712/1712 [==============================] - 4s 2ms/step - loss: 0.0010 - acc: 0.8201 - val_loss: 0.0016 - val_acc: 0.7477
Epoch 16/20 1712/1712 [==============================] - 4s 2ms/step - loss: 0.0010 - acc: 0.8096 - val_loss: 0.0015 - val_acc: 0.7453
Epoch 17/20 1712/1712 [==============================] - 4s 2ms/step - loss: 9.7965e-04 - acc: 0.8382 - val_loss: 0.0015 - val_acc: 0.7500
Epoch 18/20 1712/1712 [==============================] - 4s 2ms/step - loss: 9.3432e-04 - acc: 0.8195 - val_loss: 0.0014 - val_acc: 0.7547
Epoch 19/20 1712/1712 [==============================] - 4s 2ms/step - loss: 8.6020e-04 - acc: 0.8329 - val_loss: 0.0014 - val_acc: 0.7407
Epoch 20/20 1712/1712 [==============================] - 4s 2ms/step - loss: 8.4922e-04 - acc: 0.8382 - val_loss: 0.0016 - val_acc: 0.7383

epochs=20, batch_size=15
Epoch 1/20  1712/1712 [==============================] - 5s 3ms/step - loss: 0.0135 - acc: 0.5409 - val_loss: 0.0032 - val_acc: 0.7033
Epoch 2/20  1712/1712 [==============================] - 5s 3ms/step - loss: 0.0040 - acc: 0.6694 - val_loss: 0.0024 - val_acc: 0.7103
Epoch 3/20  1712/1712 [==============================] - 5s 3ms/step - loss: 0.0027 - acc: 0.7150 - val_loss: 0.0020 - val_acc: 0.7617
Epoch 4/20  1712/1712 [==============================] - 5s 3ms/step - loss: 0.0023 - acc: 0.7371 - val_loss: 0.0019 - val_acc: 0.7617
Epoch 5/20  1712/1712 [==============================] - 5s 3ms/step - loss: 0.0019 - acc: 0.7354 - val_loss: 0.0019 - val_acc: 0.7570
Epoch 6/20  1712/1712 [==============================] - 5s 3ms/step - loss: 0.0017 - acc: 0.7623 - val_loss: 0.0017 - val_acc: 0.7640
Epoch 7/20  1712/1712 [==============================] - 5s 3ms/step - loss: 0.0015 - acc: 0.7804 - val_loss: 0.0016 - val_acc: 0.7477
Epoch 8/20  1712/1712 [==============================] - 5s 3ms/step - loss: 0.0014 - acc: 0.7745 - val_loss: 0.0014 - val_acc: 0.7593
Epoch 9/20  1712/1712 [==============================] - 5s 3ms/step - loss: 0.0013 - acc: 0.8020 - val_loss: 0.0015 - val_acc: 0.7780
Epoch 10/20 1712/1712 [==============================] - 5s 3ms/step - loss: 0.0012 - acc: 0.8183 - val_loss: 0.0018 - val_acc: 0.7850
Epoch 11/20 1712/1712 [==============================] - 5s 3ms/step - loss: 0.0011 - acc: 0.8014 - val_loss: 0.0015 - val_acc: 0.7664
Epoch 12/20 1712/1712 [==============================] - 5s 3ms/step - loss: 0.0011 - acc: 0.8178 - val_loss: 0.0015 - val_acc: 0.7757
Epoch 13/20 1712/1712 [==============================] - 5s 3ms/step - loss: 0.0010 - acc: 0.8125 - val_loss: 0.0015 - val_acc: 0.7734
Epoch 14/20 1712/1712 [==============================] - 5s 3ms/step - loss: 0.0010 - acc: 0.8259 - val_loss: 0.0016 - val_acc: 0.7757
Epoch 15/20 1712/1712 [==============================] - 5s 3ms/step - loss: 9.7145e-04 - acc: 0.8218 - val_loss: 0.0016 - val_acc: 0.7593
Epoch 16/20 1712/1712 [==============================] - 5s 3ms/step - loss: 9.1063e-04 - acc: 0.8283 - val_loss: 0.0015 - val_acc: 0.7804
Epoch 17/20 1712/1712 [==============================] - 5s 3ms/step - loss: 8.5453e-04 - acc: 0.8382 - val_loss: 0.0015 - val_acc: 0.7850
Epoch 18/20 1712/1712 [==============================] - 5s 3ms/step - loss: 8.1244e-04 - acc: 0.8493 - val_loss: 0.0015 - val_acc: 0.7640
Epoch 19/20 1712/1712 [==============================] - 5s 3ms/step - loss: 7.8634e-04 - acc: 0.8458 - val_loss: 0.0014 - val_acc: 0.7780
Epoch 20/20 1712/1712 [==============================] - 5s 3ms/step - loss: 7.7668e-04 - acc: 0.8318 - val_loss: 0.0016 - val_acc: 0.7500

--------------------------------------------------------------------------------------------------------------------------------------

Optimizer: Adamax

epochs=20, batch_size=20
Epoch 1/20  1712/1712 [==============================] - 3s 2ms/step - loss: 0.0612 - acc: 0.4001 - val_loss: 0.0060 - val_acc: 0.7056
Epoch 2/20  1712/1712 [==============================] - 3s 2ms/step - loss: 0.0101 - acc: 0.5263 - val_loss: 0.0040 - val_acc: 0.7243
Epoch 3/20  1712/1712 [==============================] - 3s 2ms/step - loss: 0.0080 - acc: 0.5561 - val_loss: 0.0030 - val_acc: 0.7220
Epoch 4/20  1712/1712 [==============================] - 3s 2ms/step - loss: 0.0067 - acc: 0.5987 - val_loss: 0.0027 - val_acc: 0.7430
Epoch 5/20  1712/1712 [==============================] - 3s 2ms/step - loss: 0.0059 - acc: 0.6256 - val_loss: 0.0025 - val_acc: 0.7430
Epoch 6/20  1712/1712 [==============================] - 3s 2ms/step - loss: 0.0054 - acc: 0.6203 - val_loss: 0.0022 - val_acc: 0.7430
Epoch 7/20  1712/1712 [==============================] - 3s 2ms/step - loss: 0.0049 - acc: 0.6466 - val_loss: 0.0022 - val_acc: 0.7453
Epoch 8/20  1712/1712 [==============================] - 3s 2ms/step - loss: 0.0045 - acc: 0.6443 - val_loss: 0.0027 - val_acc: 0.7407
Epoch 9/20  1712/1712 [==============================] - 3s 2ms/step - loss: 0.0042 - acc: 0.6793 - val_loss: 0.0021 - val_acc: 0.7477
Epoch 10/20 1712/1712 [==============================] - 3s 2ms/step - loss: 0.0039 - acc: 0.6665 - val_loss: 0.0020 - val_acc: 0.7477
Epoch 11/20 1712/1712 [==============================] - 3s 2ms/step - loss: 0.0038 - acc: 0.6735 - val_loss: 0.0022 - val_acc: 0.7523
Epoch 12/20 1712/1712 [==============================] - 3s 2ms/step - loss: 0.0035 - acc: 0.6735 - val_loss: 0.0023 - val_acc: 0.7547
Epoch 13/20 1712/1712 [==============================] - 3s 2ms/step - loss: 0.0033 - acc: 0.6875 - val_loss: 0.0021 - val_acc: 0.7523
Epoch 14/20 1712/1712 [==============================] - 3s 2ms/step - loss: 0.0032 - acc: 0.7044 - val_loss: 0.0021 - val_acc: 0.7640
Epoch 15/20 1712/1712 [==============================] - 3s 2ms/step - loss: 0.0030 - acc: 0.7009 - val_loss: 0.0019 - val_acc: 0.7453
Epoch 16/20 1712/1712 [==============================] - 3s 2ms/step - loss: 0.0030 - acc: 0.7079 - val_loss: 0.0019 - val_acc: 0.7640
Epoch 17/20 1712/1712 [==============================] - 3s 2ms/step - loss: 0.0027 - acc: 0.7097 - val_loss: 0.0018 - val_acc: 0.7500
Epoch 18/20 1712/1712 [==============================] - 3s 2ms/step - loss: 0.0026 - acc: 0.7278 - val_loss: 0.0018 - val_acc: 0.7500
Epoch 19/20 1712/1712 [==============================] - 3s 2ms/step - loss: 0.0026 - acc: 0.7261 - val_loss: 0.0019 - val_acc: 0.7243
Epoch 20/20 1712/1712 [==============================] - 3s 2ms/step - loss: 0.0024 - acc: 0.7301 - val_loss: 0.0020 - val_acc: 0.7500

--------------------------------------------------------------------------------------------------------------------------------------

Optimizer: Nadam

epochs=20, batch_size=20
Epoch 1/20  1712/1712 [==============================] - 4s 2ms/step - loss: 0.0398 - acc: 0.4877 - val_loss: 0.0052 - val_acc: 0.6706
Epoch 2/20  1712/1712 [==============================] - 4s 2ms/step - loss: 0.0074 - acc: 0.6086 - val_loss: 0.0033 - val_acc: 0.7196
Epoch 3/20  1712/1712 [==============================] - 4s 2ms/step - loss: 0.0056 - acc: 0.6571 - val_loss: 0.0025 - val_acc: 0.7266
Epoch 4/20  1712/1712 [==============================] - 4s 2ms/step - loss: 0.0038 - acc: 0.6665 - val_loss: 0.0023 - val_acc: 0.7500
Epoch 5/20  1712/1712 [==============================] - 4s 2ms/step - loss: 0.0033 - acc: 0.7079 - val_loss: 0.0020 - val_acc: 0.7523
Epoch 6/20  1712/1712 [==============================] - 4s 2ms/step - loss: 0.0028 - acc: 0.7202 - val_loss: 0.0022 - val_acc: 0.7430
Epoch 7/20  1712/1712 [==============================] - 4s 2ms/step - loss: 0.0024 - acc: 0.7424 - val_loss: 0.0026 - val_acc: 0.7664
Epoch 8/20  1712/1712 [==============================] - 4s 2ms/step - loss: 0.0022 - acc: 0.7564 - val_loss: 0.0017 - val_acc: 0.7710
Epoch 9/20  1712/1712 [==============================] - 4s 2ms/step - loss: 0.0019 - acc: 0.7547 - val_loss: 0.0019 - val_acc: 0.7290
Epoch 10/20 1712/1712 [==============================] - 4s 2ms/step - loss: 0.0017 - acc: 0.7669 - val_loss: 0.0017 - val_acc: 0.7827
Epoch 11/20 1712/1712 [==============================] - 4s 2ms/step - loss: 0.0015 - acc: 0.7693 - val_loss: 0.0018 - val_acc: 0.7804
Epoch 12/20 1712/1712 [==============================] - 4s 2ms/step - loss: 0.0015 - acc: 0.7833 - val_loss: 0.0018 - val_acc: 0.7687
Epoch 13/20 1712/1712 [==============================] - 4s 2ms/step - loss: 0.0014 - acc: 0.7944 - val_loss: 0.0019 - val_acc: 0.7523
Epoch 14/20 1712/1712 [==============================] - 4s 2ms/step - loss: 0.0013 - acc: 0.8049 - val_loss: 0.0018 - val_acc: 0.7874
Epoch 15/20 1712/1712 [==============================] - 4s 2ms/step - loss: 0.0013 - acc: 0.7926 - val_loss: 0.0016 - val_acc: 0.7780
Epoch 16/20 1712/1712 [==============================] - 4s 2ms/step - loss: 0.0012 - acc: 0.8084 - val_loss: 0.0016 - val_acc: 0.7874
Epoch 17/20 1712/1712 [==============================] - 4s 2ms/step - loss: 0.0011 - acc: 0.8183 - val_loss: 0.0016 - val_acc: 0.7757
Epoch 18/20 1712/1712 [==============================] - 4s 2ms/step - loss: 0.0010 - acc: 0.8207 - val_loss: 0.0016 - val_acc: 0.7734
Epoch 19/20 1712/1712 [==============================] - 4s 2ms/step - loss: 0.0010 - acc: 0.8224 - val_loss: 0.0015 - val_acc: 0.7804
Epoch 20/20 1712/1712 [==============================] - 4s 2ms/step - loss: 0.0010 - acc: 0.8242 - val_loss: 0.0016 - val_acc: 0.7874


epochs=20, batch_size=15
Epoch 1/20  1712/1712 [==============================] - 4s 3ms/step - loss: 0.0334 - acc: 0.4883 - val_loss: 0.0099 - val_acc: 0.7033
Epoch 2/20  1712/1712 [==============================] - 4s 2ms/step - loss: 0.0066 - acc: 0.6157 - val_loss: 0.0070 - val_acc: 0.4650
Epoch 3/20  1712/1712 [==============================] - 4s 2ms/step - loss: 0.0043 - acc: 0.6606 - val_loss: 0.0038 - val_acc: 0.7336
Epoch 4/20  1712/1712 [==============================] - 4s 3ms/step - loss: 0.0034 - acc: 0.6817 - val_loss: 0.0042 - val_acc: 0.7336
Epoch 5/20  1712/1712 [==============================] - 4s 2ms/step - loss: 0.0027 - acc: 0.7278 - val_loss: 0.0021 - val_acc: 0.7477
Epoch 6/20  1712/1712 [==============================] - 4s 2ms/step - loss: 0.0023 - acc: 0.7371 - val_loss: 0.0032 - val_acc: 0.7570
Epoch 7/20  1712/1712 [==============================] - 4s 2ms/step - loss: 0.0020 - acc: 0.7553 - val_loss: 0.0033 - val_acc: 0.7757
Epoch 8/20  1712/1712 [==============================] - 4s 3ms/step - loss: 0.0019 - acc: 0.7588 - val_loss: 0.0017 - val_acc: 0.7921
Epoch 9/20  1712/1712 [==============================] - 4s 2ms/step - loss: 0.0016 - acc: 0.7722 - val_loss: 0.0019 - val_acc: 0.7734
Epoch 10/20 1712/1712 [==============================] - 4s 3ms/step - loss: 0.0015 - acc: 0.7810 - val_loss: 0.0017 - val_acc: 0.7547
Epoch 11/20 1712/1712 [==============================] - 4s 2ms/step - loss: 0.0014 - acc: 0.7886 - val_loss: 0.0018 - val_acc: 0.7757
Epoch 12/20 1712/1712 [==============================] - 4s 3ms/step - loss: 0.0013 - acc: 0.7775 - val_loss: 0.0019 - val_acc: 0.7734
Epoch 13/20 1712/1712 [==============================] - 4s 3ms/step - loss: 0.0013 - acc: 0.7985 - val_loss: 0.0017 - val_acc: 0.7780
Epoch 14/20 1712/1712 [==============================] - 4s 2ms/step - loss: 0.0012 - acc: 0.8020 - val_loss: 0.0022 - val_acc: 0.7687
Epoch 15/20 1712/1712 [==============================] - 4s 3ms/step - loss: 0.0011 - acc: 0.8061 - val_loss: 0.0019 - val_acc: 0.7710
Epoch 16/20 1712/1712 [==============================] - 4s 3ms/step - loss: 0.0010 - acc: 0.8277 - val_loss: 0.0022 - val_acc: 0.7850
Epoch 17/20 1712/1712 [==============================] - 4s 2ms/step - loss: 0.0010 - acc: 0.8248 - val_loss: 0.0027 - val_acc: 0.7757
Epoch 18/20 1712/1712 [==============================] - 4s 2ms/step - loss: 9.5586e-04 - acc: 0.8289 - val_loss: 0.0019 - val_acc: 0.7593
Epoch 19/20 1712/1712 [==============================] - 4s 3ms/step - loss: 8.9941e-04 - acc: 0.8329 - val_loss: 0.0017 - val_acc: 0.7804
Epoch 20/20 1712/1712 [==============================] - 4s 2ms/step - loss: 8.5845e-04 - acc: 0.8236 - val_loss: 0.0016 - val_acc: 0.7850

epochs=20, batch_size=10
Epoch 1/20  1712/1712 [==============================] - 6s 3ms/step - loss: 0.0132 - acc: 0.5754 - val_loss: 0.0036 - val_acc: 0.7453
Epoch 2/20  1712/1712 [==============================] - 5s 3ms/step - loss: 0.0037 - acc: 0.6998 - val_loss: 0.0025 - val_acc: 0.7336
Epoch 3/20  1712/1712 [==============================] - 6s 3ms/step - loss: 0.0024 - acc: 0.7366 - val_loss: 0.0024 - val_acc: 0.7500
Epoch 4/20  1712/1712 [==============================] - 5s 3ms/step - loss: 0.0019 - acc: 0.7453 - val_loss: 0.0030 - val_acc: 0.7313
Epoch 5/20  1712/1712 [==============================] - 5s 3ms/step - loss: 0.0016 - acc: 0.7652 - val_loss: 0.0040 - val_acc: 0.7290
Epoch 6/20  1712/1712 [==============================] - 5s 3ms/step - loss: 0.0015 - acc: 0.7687 - val_loss: 0.0019 - val_acc: 0.7570
Epoch 7/20  1712/1712 [==============================] - 5s 3ms/step - loss: 0.0013 - acc: 0.7991 - val_loss: 0.0019 - val_acc: 0.7617
Epoch 8/20  1712/1712 [==============================] - 5s 3ms/step - loss: 0.0013 - acc: 0.8008 - val_loss: 0.0019 - val_acc: 0.7523
Epoch 9/20  1712/1712 [==============================] - 5s 3ms/step - loss: 0.0011 - acc: 0.7991 - val_loss: 0.0017 - val_acc: 0.7547
Epoch 10/20 1712/1712 [==============================] - 5s 3ms/step - loss: 0.0011 - acc: 0.8224 - val_loss: 0.0023 - val_acc: 0.7360
Epoch 11/20 1712/1712 [==============================] - 6s 3ms/step - loss: 0.0011 - acc: 0.8078 - val_loss: 0.0023 - val_acc: 0.7547
Epoch 12/20 1712/1712 [==============================] - 6s 3ms/step - loss: 9.7369e-04 - acc: 0.8347 - val_loss: 0.0021 - val_acc: 0.6495
Epoch 13/20 1712/1712 [==============================] - 6s 3ms/step - loss: 9.0467e-04 - acc: 0.8335 - val_loss: 0.0016 - val_acc: 0.7921
Epoch 14/20 1712/1712 [==============================] - 6s 3ms/step - loss: 8.4260e-04 - acc: 0.8289 - val_loss: 0.0018 - val_acc: 0.7547
Epoch 15/20 1712/1712 [==============================] - 5s 3ms/step - loss: 7.8195e-04 - acc: 0.8347 - val_loss: 0.0019 - val_acc: 0.7383
Epoch 16/20 1712/1712 [==============================] - 5s 3ms/step - loss: 7.2623e-04 - acc: 0.8364 - val_loss: 0.0019 - val_acc: 0.7336
Epoch 17/20 1712/1712 [==============================] - 5s 3ms/step - loss: 7.1849e-04 - acc: 0.8464 - val_loss: 0.0018 - val_acc: 0.7710
Epoch 18/20 1712/1712 [==============================] - 5s 3ms/step - loss: 7.1692e-04 - acc: 0.8382 - val_loss: 0.0017 - val_acc: 0.7664
Epoch 19/20 1712/1712 [==============================] - 5s 3ms/step - loss: 6.4421e-04 - acc: 0.8417 - val_loss: 0.0023 - val_acc: 0.7710
Epoch 20/20 1712/1712 [==============================] - 5s 3ms/step - loss: 6.1374e-04 - acc: 0.8581 - val_loss: 0.0021 - val_acc: 0.7220
